{"/Users/sandrina.pereira/Documents/git/ss/react-memoized-context/src/MemoContext.js": {"path":"/Users/sandrina.pereira/Documents/git/ss/react-memoized-context/src/MemoContext.js","statementMap":{"0":{"start":{"line":5,"column":26},"end":{"line":5,"column":57}},"1":{"start":{"line":7,"column":2},"end":{"line":7,"column":34}},"2":{"start":{"line":11,"column":42},"end":{"line":11,"column":47}},"3":{"start":{"line":12,"column":23},"end":{"line":12,"column":54}},"4":{"start":{"line":15,"column":2},"end":{"line":17,"column":3}},"5":{"start":{"line":16,"column":4},"end":{"line":16,"column":16}},"6":{"start":{"line":20,"column":24},"end":{"line":22,"column":3}},"7":{"start":{"line":21,"column":11},"end":{"line":21,"column":50}},"8":{"start":{"line":25,"column":2},"end":{"line":25,"column":23}}},"fnMap":{"0":{"name":"MemoContext","decl":{"start":{"line":4,"column":9},"end":{"line":4,"column":20}},"loc":{"start":{"line":4,"column":54},"end":{"line":8,"column":1}},"line":4},"1":{"name":"isContextTheSame","decl":{"start":{"line":10,"column":9},"end":{"line":10,"column":25}},"loc":{"start":{"line":10,"column":44},"end":{"line":26,"column":1}},"line":10},"2":{"name":"(anonymous_2)","decl":{"start":{"line":21,"column":4},"end":{"line":21,"column":5}},"loc":{"start":{"line":21,"column":11},"end":{"line":21,"column":50}},"line":21}},"branchMap":{"0":{"loc":{"start":{"line":15,"column":2},"end":{"line":17,"column":3}},"type":"if","locations":[{"start":{"line":15,"column":2},"end":{"line":17,"column":3}},{"start":{"line":15,"column":2},"end":{"line":17,"column":3}}],"line":15},"1":{"loc":{"start":{"line":15,"column":6},"end":{"line":15,"column":31}},"type":"binary-expr","locations":[{"start":{"line":15,"column":6},"end":{"line":15,"column":18}},{"start":{"line":15,"column":22},"end":{"line":15,"column":31}}],"line":15}},"s":{"0":14,"1":14,"2":21,"3":21,"4":21,"5":0,"6":21,"7":21,"8":21},"f":{"0":14,"1":21,"2":21},"b":{"0":[0,21],"1":[21,21]},"_coverageSchema":"43e27e138ebf9cfc5966b082cf9a028302ed4184","hash":"45387965418ce7cf8b2db307a0eb1f4cc6d02b5e"}
,"/Users/sandrina.pereira/Documents/git/ss/react-memoized-context/src/MemoizedConsumer.js": {"path":"/Users/sandrina.pereira/Documents/git/ss/react-memoized-context/src/MemoizedConsumer.js","statementMap":{"0":{"start":{"line":5,"column":2},"end":{"line":13,"column":3}},"1":{"start":{"line":8,"column":8},"end":{"line":10,"column":22}}},"fnMap":{"0":{"name":"MemoizedConsumer","decl":{"start":{"line":4,"column":9},"end":{"line":4,"column":25}},"loc":{"start":{"line":4,"column":68},"end":{"line":14,"column":1}},"line":4},"1":{"name":"(anonymous_1)","decl":{"start":{"line":7,"column":7},"end":{"line":7,"column":8}},"loc":{"start":{"line":8,"column":8},"end":{"line":10,"column":22}},"line":8}},"branchMap":{},"s":{"0":3,"1":10},"f":{"0":3,"1":10},"b":{},"_coverageSchema":"43e27e138ebf9cfc5966b082cf9a028302ed4184","hash":"b85775d34f4d6c99e064446e5ac13a1cb7211943"}
,"/Users/sandrina.pereira/Documents/git/ss/react-memoized-context/src/index.js": {"path":"/Users/sandrina.pereira/Documents/git/ss/react-memoized-context/src/index.js","statementMap":{},"fnMap":{},"branchMap":{},"s":{},"f":{},"b":{},"_coverageSchema":"43e27e138ebf9cfc5966b082cf9a028302ed4184","hash":"21e245ea51f9eb7e0bcae6301140263304d68ff0"}
,"/Users/sandrina.pereira/Documents/git/ss/react-memoized-context/src/useMemoizedContext.js": {"path":"/Users/sandrina.pereira/Documents/git/ss/react-memoized-context/src/useMemoizedContext.js","statementMap":{},"fnMap":{},"branchMap":{},"s":{},"f":{},"b":{},"hash":"09e6ef4c6c9124072350825d78490e8379ceb40a"}
,"/Users/sandrina.pereira/Documents/git/ss/react-memoized-context/src/withMemoizedContext.js": {"path":"/Users/sandrina.pereira/Documents/git/ss/react-memoized-context/src/withMemoizedContext.js","statementMap":{"0":{"start":{"line":9,"column":26},"end":{"line":13,"column":3}},"1":{"start":{"line":10,"column":4},"end":{"line":12,"column":23}},"2":{"start":{"line":11,"column":18},"end":{"line":11,"column":62}},"3":{"start":{"line":15,"column":2},"end":{"line":15,"column":24}},"4":{"start":{"line":20,"column":20},"end":{"line":39,"column":3}},"5":{"start":{"line":21,"column":4},"end":{"line":28,"column":5}},"6":{"start":{"line":22,"column":6},"end":{"line":27,"column":7}},"7":{"start":{"line":30,"column":20},"end":{"line":34,"column":5}},"8":{"start":{"line":31,"column":6},"end":{"line":33,"column":24}},"9":{"start":{"line":32,"column":24},"end":{"line":32,"column":70}},"10":{"start":{"line":36,"column":4},"end":{"line":36,"column":70}},"11":{"start":{"line":38,"column":4},"end":{"line":38,"column":18}},"12":{"start":{"line":41,"column":2},"end":{"line":41,"column":18}},"13":{"start":{"line":44,"column":28},"end":{"line":44,"column":73}},"14":{"start":{"line":44,"column":39},"end":{"line":44,"column":73}}},"fnMap":{"0":{"name":"withContext","decl":{"start":{"line":8,"column":9},"end":{"line":8,"column":20}},"loc":{"start":{"line":8,"column":30},"end":{"line":16,"column":1}},"line":8},"1":{"name":"(anonymous_1)","decl":{"start":{"line":9,"column":26},"end":{"line":9,"column":27}},"loc":{"start":{"line":10,"column":4},"end":{"line":12,"column":23}},"line":10},"2":{"name":"(anonymous_2)","decl":{"start":{"line":11,"column":7},"end":{"line":11,"column":8}},"loc":{"start":{"line":11,"column":18},"end":{"line":11,"column":62}},"line":11},"3":{"name":"withMemoized","decl":{"start":{"line":19,"column":9},"end":{"line":19,"column":21}},"loc":{"start":{"line":19,"column":39},"end":{"line":42,"column":1}},"line":19},"4":{"name":"(anonymous_4)","decl":{"start":{"line":20,"column":20},"end":{"line":20,"column":21}},"loc":{"start":{"line":20,"column":45},"end":{"line":39,"column":3}},"line":20},"5":{"name":"(anonymous_5)","decl":{"start":{"line":30,"column":20},"end":{"line":30,"column":21}},"loc":{"start":{"line":31,"column":6},"end":{"line":33,"column":24}},"line":31},"6":{"name":"(anonymous_6)","decl":{"start":{"line":32,"column":9},"end":{"line":32,"column":10}},"loc":{"start":{"line":32,"column":24},"end":{"line":32,"column":70}},"line":32},"7":{"name":"(anonymous_7)","decl":{"start":{"line":44,"column":28},"end":{"line":44,"column":29}},"loc":{"start":{"line":44,"column":39},"end":{"line":44,"column":73}},"line":44}},"branchMap":{"0":{"loc":{"start":{"line":21,"column":4},"end":{"line":28,"column":5}},"type":"if","locations":[{"start":{"line":21,"column":4},"end":{"line":28,"column":5}},{"start":{"line":21,"column":4},"end":{"line":28,"column":5}}],"line":21},"1":{"loc":{"start":{"line":21,"column":8},"end":{"line":21,"column":59}},"type":"binary-expr","locations":[{"start":{"line":21,"column":8},"end":{"line":21,"column":17}},{"start":{"line":21,"column":21},"end":{"line":21,"column":59}}],"line":21}},"s":{"0":3,"1":7,"2":21,"3":3,"4":3,"5":3,"6":1,"7":3,"8":7,"9":10,"10":3,"11":3,"12":3,"13":2,"14":3},"f":{"0":3,"1":7,"2":21,"3":3,"4":3,"5":7,"6":10,"7":3},"b":{"0":[1,2],"1":[3,1]},"_coverageSchema":"43e27e138ebf9cfc5966b082cf9a028302ed4184","hash":"38c310e70b050921ea8a9382434e6e688a263182"}
,"/Users/sandrina.pereira/Documents/git/ss/react-memoized-context/src/utils/index.js": {"path":"/Users/sandrina.pereira/Documents/git/ss/react-memoized-context/src/utils/index.js","statementMap":{"0":{"start":{"line":2,"column":17},"end":{"line":2,"column":71}},"1":{"start":{"line":4,"column":4},"end":{"line":4,"column":32}},"2":{"start":{"line":8,"column":4},"end":{"line":10,"column":5}},"3":{"start":{"line":9,"column":8},"end":{"line":9,"column":18}},"4":{"start":{"line":12,"column":4},"end":{"line":14,"column":11}},"5":{"start":{"line":13,"column":8},"end":{"line":13,"column":49}}},"fnMap":{"0":{"name":"getDisplayName","decl":{"start":{"line":1,"column":16},"end":{"line":1,"column":30}},"loc":{"start":{"line":1,"column":50},"end":{"line":5,"column":1}},"line":1},"1":{"name":"filterObject","decl":{"start":{"line":7,"column":16},"end":{"line":7,"column":28}},"loc":{"start":{"line":7,"column":45},"end":{"line":15,"column":1}},"line":7},"2":{"name":"(anonymous_2)","decl":{"start":{"line":12,"column":25},"end":{"line":12,"column":26}},"loc":{"start":{"line":12,"column":42},"end":{"line":14,"column":5}},"line":12}},"branchMap":{"0":{"loc":{"start":{"line":2,"column":17},"end":{"line":2,"column":71}},"type":"binary-expr","locations":[{"start":{"line":2,"column":17},"end":{"line":2,"column":38}},{"start":{"line":2,"column":42},"end":{"line":2,"column":56}},{"start":{"line":2,"column":60},"end":{"line":2,"column":71}}],"line":2},"1":{"loc":{"start":{"line":8,"column":4},"end":{"line":10,"column":5}},"type":"if","locations":[{"start":{"line":8,"column":4},"end":{"line":10,"column":5}},{"start":{"line":8,"column":4},"end":{"line":10,"column":5}}],"line":8},"2":{"loc":{"start":{"line":8,"column":8},"end":{"line":8,"column":26}},"type":"binary-expr","locations":[{"start":{"line":8,"column":8},"end":{"line":8,"column":15}},{"start":{"line":8,"column":19},"end":{"line":8,"column":26}}],"line":8}},"s":{"0":4,"1":4,"2":14,"3":1,"4":13,"5":13},"f":{"0":4,"1":14,"2":13},"b":{"0":[4,4,0],"1":[1,13],"2":[14,14]},"_coverageSchema":"43e27e138ebf9cfc5966b082cf9a028302ed4184","hash":"a69327abec83b0c88902d3ab9da4edf24517660f"}
}
