TN:
SF:/Users/sandrina.pereira/Documents/git/ss/react-memoized-context/src/MemoContext.js
FN:4,MemoContext
FN:10,isContextTheSame
FN:21,(anonymous_2)
FNF:3
FNH:3
FNDA:14,MemoContext
FNDA:21,isContextTheSame
FNDA:21,(anonymous_2)
DA:5,14
DA:7,14
DA:11,21
DA:12,21
DA:15,21
DA:16,0
DA:20,21
DA:21,21
DA:25,21
LF:9
LH:8
BRDA:15,0,0,0
BRDA:15,0,1,21
BRDA:15,1,0,21
BRDA:15,1,1,21
BRF:4
BRH:3
end_of_record
TN:
SF:/Users/sandrina.pereira/Documents/git/ss/react-memoized-context/src/MemoizedConsumer.js
FN:4,MemoizedConsumer
FN:7,(anonymous_1)
FNF:2
FNH:2
FNDA:3,MemoizedConsumer
FNDA:10,(anonymous_1)
DA:5,3
DA:8,10
LF:2
LH:2
BRF:0
BRH:0
end_of_record
TN:
SF:/Users/sandrina.pereira/Documents/git/ss/react-memoized-context/src/index.js
FNF:0
FNH:0
LF:0
LH:0
BRF:0
BRH:0
end_of_record
TN:
SF:/Users/sandrina.pereira/Documents/git/ss/react-memoized-context/src/useMemoizedContext.js
FNF:0
FNH:0
LF:0
LH:0
BRF:0
BRH:0
end_of_record
TN:
SF:/Users/sandrina.pereira/Documents/git/ss/react-memoized-context/src/withMemoizedContext.js
FN:8,withContext
FN:9,(anonymous_1)
FN:11,(anonymous_2)
FN:19,withMemoized
FN:20,(anonymous_4)
FN:30,(anonymous_5)
FN:32,(anonymous_6)
FN:44,(anonymous_7)
FNF:8
FNH:8
FNDA:3,withContext
FNDA:7,(anonymous_1)
FNDA:21,(anonymous_2)
FNDA:3,withMemoized
FNDA:3,(anonymous_4)
FNDA:7,(anonymous_5)
FNDA:10,(anonymous_6)
FNDA:3,(anonymous_7)
DA:9,3
DA:10,7
DA:11,21
DA:15,3
DA:20,3
DA:21,3
DA:22,1
DA:30,3
DA:31,7
DA:32,10
DA:36,3
DA:38,3
DA:41,3
DA:44,3
LF:14
LH:14
BRDA:21,0,0,1
BRDA:21,0,1,2
BRDA:21,1,0,3
BRDA:21,1,1,1
BRF:4
BRH:4
end_of_record
TN:
SF:/Users/sandrina.pereira/Documents/git/ss/react-memoized-context/src/utils/index.js
FN:1,getDisplayName
FN:7,filterObject
FN:12,(anonymous_2)
FNF:3
FNH:3
FNDA:4,getDisplayName
FNDA:14,filterObject
FNDA:13,(anonymous_2)
DA:2,4
DA:4,4
DA:8,14
DA:9,1
DA:12,13
DA:13,13
LF:6
LH:6
BRDA:2,0,0,4
BRDA:2,0,1,4
BRDA:2,0,2,0
BRDA:8,1,0,1
BRDA:8,1,1,13
BRDA:8,2,0,14
BRDA:8,2,1,14
BRF:7
BRH:6
end_of_record
